#
# There is insufficient memory for the Java Runtime Environment to continue.
# Native memory allocation (malloc) failed to allocate 867616 bytes for Chunk::new
# Possible reasons:
#   The system is out of physical RAM or swap space
#   The process is running with CompressedOops enabled, and the Java Heap may be blocking the growth of the native heap
# Possible solutions:
#   Reduce memory load on the system
#   Increase physical memory or swap space
#   Check if swap backing store is full
#   Decrease Java heap size (-Xmx/-Xms)
#   Decrease number of Java threads
#   Decrease Java thread stack sizes (-Xss)
#   Set larger code cache with -XX:ReservedCodeCacheSize=
#   JVM is running with Unscaled Compressed Oops mode in which the Java heap is
#     placed in the first 4GB address space. The Java Heap base address is the
#     maximum limit for the native heap growth. Please use -XX:HeapBaseMinAddress
#     to set the Java Heap base and to place the Java Heap above 4GB virtual address.
# This output file may be truncated or incomplete.
#
#  Out of Memory Error (arena.cpp:191), pid=165288, tid=171928
#
# JRE version: OpenJDK Runtime Environment Temurin-17.0.10+7 (17.0.10+7) (build 17.0.10+7)
# Java VM: OpenJDK 64-Bit Server VM Temurin-17.0.10+7 (17.0.10+7, mixed mode, tiered, compressed oops, compressed class ptrs, parallel gc, windows-amd64)
# No core dump will be written. Minidumps are not enabled by default on client versions of Windows
#

---------------  S U M M A R Y ------------

Command Line: --add-modules=ALL-SYSTEM --add-opens=java.base/java.util=ALL-UNNAMED --add-opens=java.base/java.lang=ALL-UNNAMED --add-opens=java.base/sun.nio.fs=ALL-UNNAMED -Declipse.application=org.eclipse.jdt.ls.core.id1 -Dosgi.bundles.defaultStartLevel=4 -Declipse.product=org.eclipse.jdt.ls.core.product -Djava.import.generatesMetadataFilesAtProjectRoot=false -DDetectVMInstallationsJob.disabled=true -Dfile.encoding=utf8 -XX:+UseParallelGC -XX:GCTimeRatio=4 -XX:AdaptiveSizePolicyWeight=90 -Dsun.zip.disableMemoryMapping=true -Xmx1G -Xms100m -Xlog:disable -javaagent:c:\Users\User\.vscode\extensions\redhat.java-1.30.0-win32-x64\lombok\lombok-1.18.32.jar -XX:+HeapDumpOnOutOfMemoryError -XX:HeapDumpPath=c:\Users\User\AppData\Roaming\Code\User\workspaceStorage\51c392e3a1c011e044331b8d1d03c671\redhat.java -Daether.dependencyCollector.impl=bf c:\Users\User\.vscode\extensions\redhat.java-1.30.0-win32-x64\server\plugins\org.eclipse.equinox.launcher_1.6.800.v20240330-1250.jar -configuration c:\Users\User\AppData\Roaming\Code\User\globalStorage\redhat.java\1.30.0\config_win -data c:\Users\User\AppData\Roaming\Code\User\workspaceStorage\51c392e3a1c011e044331b8d1d03c671\redhat.java\jdt_ws --pipe=\\.\pipe\lsp-e301e791012cfb83e5cdff56b65058f2-sock

Host: Intel(R) Core(TM) i7-7500U CPU @ 2.70GHz, 4 cores, 7G,  Windows 10 , 64 bit Build 19041 (10.0.19041.2913)
Time: Sat Apr 27 21:13:08 2024 E. Africa Standard Time elapsed time: 65.332697 seconds (0d 0h 1m 5s)

---------------  T H R E A D  ---------------

Current thread (0x000002311aa10130):  JavaThread "C2 CompilerThread0" daemon [_thread_in_native, id=171928, stack(0x000000feeca00000,0x000000feecb00000)]


Current CompileTask:
C2:  65333 8440 % !   4       org.eclipse.jdt.internal.compiler.classfmt.ClassFileReader::<init> @ 63 (2158 bytes)

Stack: [0x000000feeca00000,0x000000feecb00000]
Native frames: (J=compiled Java code, j=interpreted, Vv=VM code, C=native code)
V  [jvm.dll+0x67d2c9]
V  [jvm.dll+0x834afa]
V  [jvm.dll+0x8365be]
V  [jvm.dll+0x836c23]
V  [jvm.dll+0x2477ff]
V  [jvm.dll+0xac514]
V  [jvm.dll+0xacb5c]
V  [jvm.dll+0x2aed1f]
V  [jvm.dll+0x584b67]
V  [jvm.dll+0x2228a2]
V  [jvm.dll+0x21ba9e]
V  [jvm.dll+0x219201]
V  [jvm.dll+0x1a502d]
V  [jvm.dll+0x2290de]
V  [jvm.dll+0x2272ac]
V  [jvm.dll+0x7e9bb7]
V  [jvm.dll+0x7e3fba]
V  [jvm.dll+0x67c1b5]
C  [ucrtbase.dll+0x21bb2]
C  [KERNEL32.DLL+0x17614]
C  [ntdll.dll+0x526a1]


---------------  P R O C E S S  ---------------

Threads class SMR info:
_java_thread_list=0x0000023125524620, length=43, elements={
0x0000023106b9dae0, 0x0000023106c5ca90, 0x0000023106c5e310, 0x000002311aa05150,
0x000002311aa05ee0, 0x000002311aa07bb0, 0x000002311aa09690, 0x000002311aa10130,
0x000002311aa123e0, 0x000002311aa16040, 0x0000023106bfe510, 0x000002311fef6290,
0x00000231200ec870, 0x0000023120100200, 0x00000231200ec390, 0x0000023120162ed0,
0x000002311ff644b0, 0x000002311ff649c0, 0x000002311ff64ed0, 0x000002311ff62b60,
0x000002311ff62650, 0x000002311ff63070, 0x000002311ff658f0, 0x000002311ff63a90,
0x000002311ff62140, 0x000002311ff63580, 0x0000023121ae1fc0, 0x0000023121adddf0,
0x0000023121adb060, 0x0000023121ae1ab0, 0x0000023121adb570, 0x0000023121ae24d0,
0x0000023121adbf90, 0x0000023121aded20, 0x0000023121ae29e0, 0x0000023121ae0670,
0x0000023121adba80, 0x0000023121ae1090, 0x0000023120071020, 0x0000023121adc9b0,
0x0000023121adc4a0, 0x0000023121add3d0, 0x0000023121adf230
}

Java Threads: ( => current thread )
  0x0000023106b9dae0 JavaThread "main" [_thread_blocked, id=170412, stack(0x000000feec100000,0x000000feec200000)]
  0x0000023106c5ca90 JavaThread "Reference Handler" daemon [_thread_blocked, id=118524, stack(0x000000feec400000,0x000000feec500000)]
  0x0000023106c5e310 JavaThread "Finalizer" daemon [_thread_blocked, id=170596, stack(0x000000feec500000,0x000000feec600000)]
  0x000002311aa05150 JavaThread "Signal Dispatcher" daemon [_thread_blocked, id=167160, stack(0x000000feec600000,0x000000feec700000)]
  0x000002311aa05ee0 JavaThread "Attach Listener" daemon [_thread_blocked, id=167256, stack(0x000000feec700000,0x000000feec800000)]
  0x000002311aa07bb0 JavaThread "Service Thread" daemon [_thread_blocked, id=170236, stack(0x000000feec800000,0x000000feec900000)]
  0x000002311aa09690 JavaThread "Monitor Deflation Thread" daemon [_thread_blocked, id=171924, stack(0x000000feec900000,0x000000feeca00000)]
=>0x000002311aa10130 JavaThread "C2 CompilerThread0" daemon [_thread_in_native, id=171928, stack(0x000000feeca00000,0x000000feecb00000)]
  0x000002311aa123e0 JavaThread "C1 CompilerThread0" daemon [_thread_blocked, id=169860, stack(0x000000feecb00000,0x000000feecc00000)]
  0x000002311aa16040 JavaThread "Sweeper thread" daemon [_thread_blocked, id=100272, stack(0x000000feecc00000,0x000000feecd00000)]
  0x0000023106bfe510 JavaThread "Common-Cleaner" daemon [_thread_blocked, id=171056, stack(0x000000feecd00000,0x000000feece00000)]
  0x000002311fef6290 JavaThread "Notification Thread" daemon [_thread_blocked, id=170652, stack(0x000000feece00000,0x000000feecf00000)]
  0x00000231200ec870 JavaThread "Active Thread: Equinox Container: 13515c4b-8ad7-4280-b99d-bed16a1e2909" [_thread_blocked, id=171280, stack(0x000000feed800000,0x000000feed900000)]
  0x0000023120100200 JavaThread "Framework Event Dispatcher: Equinox Container: 13515c4b-8ad7-4280-b99d-bed16a1e2909" daemon [_thread_blocked, id=169024, stack(0x000000feebf00000,0x000000feec000000)]
  0x00000231200ec390 JavaThread "Start Level: Equinox Container: 13515c4b-8ad7-4280-b99d-bed16a1e2909" daemon [_thread_blocked, id=171104, stack(0x000000feed300000,0x000000feed400000)]
  0x0000023120162ed0 JavaThread "Refresh Thread: Equinox Container: 13515c4b-8ad7-4280-b99d-bed16a1e2909" daemon [_thread_blocked, id=157964, stack(0x000000feed500000,0x000000feed600000)]
  0x000002311ff644b0 JavaThread "Bundle File Closer" daemon [_thread_blocked, id=170468, stack(0x000000feed400000,0x000000feed500000)]
  0x000002311ff649c0 JavaThread "SCR Component Actor" daemon [_thread_blocked, id=167640, stack(0x000000feed700000,0x000000feed800000)]
  0x000002311ff64ed0 JavaThread "Worker-JM" [_thread_blocked, id=171828, stack(0x000000feeda00000,0x000000feedb00000)]
  0x000002311ff62b60 JavaThread "Worker-0" [_thread_blocked, id=168180, stack(0x000000feedb00000,0x000000feedc00000)]
  0x000002311ff62650 JavaThread "Worker-1" [_thread_blocked, id=171836, stack(0x000000feec000000,0x000000feec100000)]
  0x000002311ff63070 JavaThread "Java indexing" daemon [_thread_in_vm, id=12000, stack(0x000000feedc00000,0x000000feedd00000)]
  0x000002311ff658f0 JavaThread "JNA Cleaner" daemon [_thread_blocked, id=8340, stack(0x000000feedd00000,0x000000feede00000)]
  0x000002311ff63a90 JavaThread "Thread-2" daemon [_thread_in_native, id=168484, stack(0x000000feede00000,0x000000feedf00000)]
  0x000002311ff62140 JavaThread "Thread-3" daemon [_thread_in_native, id=171396, stack(0x000000feedf00000,0x000000feee000000)]
  0x000002311ff63580 JavaThread "Thread-4" daemon [_thread_in_native, id=168664, stack(0x000000feee000000,0x000000feee100000)]
  0x0000023121ae1fc0 JavaThread "Thread-5" daemon [_thread_in_native, id=8472, stack(0x000000feee100000,0x000000feee200000)]
  0x0000023121adddf0 JavaThread "Thread-6" daemon [_thread_in_native, id=115708, stack(0x000000feee200000,0x000000feee300000)]
  0x0000023121adb060 JavaThread "Worker-2" [_thread_blocked, id=170292, stack(0x000000feee300000,0x000000feee400000)]
  0x0000023121ae1ab0 JavaThread "Worker-3" [_thread_blocked, id=168928, stack(0x000000feee400000,0x000000feee500000)]
  0x0000023121adb570 JavaThread "pool-2-thread-1" [_thread_blocked, id=159100, stack(0x000000feee500000,0x000000feee600000)]
  0x0000023121ae24d0 JavaThread "WorkspaceEventsHandler" [_thread_blocked, id=163756, stack(0x000000feee600000,0x000000feee700000)]
  0x0000023121adbf90 JavaThread "pool-1-thread-1" [_thread_in_vm, id=168420, stack(0x000000feee700000,0x000000feee800000)]
  0x0000023121aded20 JavaThread "Equinox resolver thread - Equinox Container: 13515c4b-8ad7-4280-b99d-bed16a1e2909" daemon [_thread_blocked, id=162000, stack(0x000000feed600000,0x000000feed700000)]
  0x0000023121ae29e0 JavaThread "Equinox resolver thread - Equinox Container: 13515c4b-8ad7-4280-b99d-bed16a1e2909" daemon [_thread_blocked, id=163000, stack(0x000000feed900000,0x000000feeda00000)]
  0x0000023121ae0670 JavaThread "Equinox resolver thread - Equinox Container: 13515c4b-8ad7-4280-b99d-bed16a1e2909" daemon [_thread_blocked, id=171956, stack(0x000000feee800000,0x000000feee900000)]
  0x0000023121adba80 JavaThread "Equinox resolver thread - Equinox Container: 13515c4b-8ad7-4280-b99d-bed16a1e2909" daemon [_thread_blocked, id=168688, stack(0x000000feee900000,0x000000feeea00000)]
  0x0000023121ae1090 JavaThread "Worker-4: Java indexing... " [_thread_blocked, id=139800, stack(0x000000feeea00000,0x000000feeeb00000)]
  0x0000023120071020 JavaThread "C2 CompilerThread1" daemon [_thread_in_native, id=168620, stack(0x000000feeeb00000,0x000000feeec00000)]
  0x0000023121adc9b0 JavaThread "ForkJoinPool.commonPool-worker-1" daemon [_thread_in_vm, id=168552, stack(0x000000feeed00000,0x000000feeee00000)]
  0x0000023121adc4a0 JavaThread "ForkJoinPool.commonPool-worker-2" daemon [_thread_in_vm, id=164896, stack(0x000000feeec00000,0x000000feeed00000)]
  0x0000023121add3d0 JavaThread "ForkJoinPool.commonPool-worker-3" daemon [_thread_blocked, id=171420, stack(0x000000feeee00000,0x000000feeef00000)]
  0x0000023121adf230 JavaThread "Thread-7" daemon [_thread_blocked, id=86300, stack(0x000000feef000000,0x000000feef100000)]

Other Threads:
  0x000002311a9cc9a0 VMThread "VM Thread" [stack: 0x000000feec300000,0x000000feec400000] [id=170544] _threads_hazard_ptr=0x0000023125524620
  0x000002311fef6770 WatcherThread [stack: 0x000000feecf00000,0x000000feed000000] [id=169784]
  0x0000023106bb1560 GCTaskThread "GC Thread#0" [stack: 0x000000feec200000,0x000000feec300000] [id=171704]
  0x000002311fe78e10 GCTaskThread "GC Thread#1" [stack: 0x000000feed000000,0x000000feed100000] [id=171980]
  0x000002312017eae0 GCTaskThread "GC Thread#2" [stack: 0x000000feed100000,0x000000feed200000] [id=171308]
  0x000002312017eda0 GCTaskThread "GC Thread#3" [stack: 0x000000feed200000,0x000000feed300000] [id=170232]

Threads with active compile tasks:
C2 CompilerThread0    66681 8440 % !   4       org.eclipse.jdt.internal.compiler.classfmt.ClassFileReader::<init> @ 63 (2158 bytes)
C1 CompilerThread0    66681 8486       3       jdk.internal.jimage.ImageReader$SharedImageReader::getResource (44 bytes)
C2 CompilerThread1    66682 8460 %     4       org.eclipse.jdt.internal.core.search.indexing.BinaryIndexer::extractReferenceFromConstantPool @ 15 (358 bytes)

VM state: not at safepoint (normal execution)

VM Mutex/Monitor currently owned by a thread:  ([mutex/lock_event])
[0x0000023106b98770] Metaspace_lock - owner thread: 0x0000023121adc9b0
[0x0000023106b9a2c0] Compile_lock - owner thread: 0x0000023121adf230

Heap address: 0x00000000c0000000, size: 1024 MB, Compressed Oops mode: 32-bit

CDS archive(s) not mapped
Compressed class space mapped at: 0x0000000100000000-0x0000000140000000, reserved size: 1073741824
Narrow klass base: 0x0000000000000000, Narrow klass shift: 3, Narrow klass range: 0x140000000

GC Precious Log:
 CPUs: 4 total, 4 available
 Memory: 8076M
 Large Page Support: Disabled
 NUMA Support: Disabled
 Compressed Oops: Enabled (32-bit)
 Alignments: Space 512K, Generation 512K, Heap 2M
 Heap Min Capacity: 100M
 Heap Initial Capacity: 100M
 Heap Max Capacity: 1G
 Pre-touch: Disabled
 Parallel Workers: 4

Heap:
 PSYoungGen      total 25088K, used 7960K [0x00000000eab00000, 0x00000000ec680000, 0x0000000100000000)
  eden space 22016K, 22% used [0x00000000eab00000,0x00000000eafc8b90,0x00000000ec080000)
  from space 3072K, 99% used [0x00000000ec380000,0x00000000ec67d640,0x00000000ec680000)
  to   space 3072K, 0% used [0x00000000ec080000,0x00000000ec080000,0x00000000ec380000)
 ParOldGen       total 68608K, used 44705K [0x00000000c0000000, 0x00000000c4300000, 0x00000000eab00000)
  object space 68608K, 65% used [0x00000000c0000000,0x00000000c2ba8650,0x00000000c4300000)
 Metaspace       used 67569K, committed 68672K, reserved 1114112K
  class space    used 7121K, committed 7616K, reserved 1048576K

Card table byte_map: [0x0000023106540000,0x0000023106750000] _byte_map_base: 0x0000023105f40000

Marking Bits: (ParMarkBitMap*) 0x00007ffdae3bd7d0
 Begin Bits: [0x0000023118840000, 0x0000023119840000)
 End Bits:   [0x0000023119840000, 0x000002311a840000)

Polling page: 0x0000023104a30000

Metaspace:

Usage:
  Non-class:     59.03 MB used.
      Class:      6.95 MB used.
       Both:     65.99 MB used.

Virtual space:
  Non-class space:       64.00 MB reserved,      59.62 MB ( 93%) committed,  1 nodes.
      Class space:        1.00 GB reserved,       7.44 MB ( <1%) committed,  1 nodes.
             Both:        1.06 GB reserved,      67.06 MB (  6%) committed. 

Chunk freelists:
   Non-Class:  3.98 MB
       Class:  8.59 MB
        Both:  12.58 MB

MaxMetaspaceSize: unlimited
CompressedClassSpaceSize: 1.00 GB
Initial GC threshold: 21.00 MB
Current GC threshold: 97.31 MB
CDS: off
MetaspaceReclaimPolicy: balanced
 - commit_granule_bytes: 65536.
 - commit_granule_words: 8192.
 - virtual_space_node_default_size: 8388608.
 - enlarge_chunks_in_place: 1.
 - new_chunks_are_fully_committed: 0.
 - uncommit_free_chunks: 1.
 - use_allocation_guard: 0.
 - handle_deallocations: 1.


Internal statistics:

num_allocs_failed_limit: 9.
num_arena_births: 692.
num_arena_deaths: 20.
num_vsnodes_births: 2.
num_vsnodes_deaths: 0.
num_space_committed: 1073.
num_space_uncommitted: 0.
num_chunks_returned_to_freelist: 29.
num_chunks_taken_from_freelist: 3275.
num_chunk_merges: 13.
num_chunk_splits: 2124.
num_chunks_enlarged: 1377.
num_inconsistent_stats: 0.

CodeHeap 'non-profiled nmethods': size=120000Kb used=4104Kb max_used=4866Kb free=115895Kb
 bounds [0x0000023111310000, 0x00000231117e0000, 0x0000023118840000]
CodeHeap 'profiled nmethods': size=120000Kb used=14742Kb max_used=16573Kb free=105257Kb
 bounds [0x0000023109840000, 0x000002310a870000, 0x0000023110d70000]
CodeHeap 'non-nmethods': size=5760Kb used=1365Kb max_used=1460Kb free=4394Kb
 bounds [0x0000023110d70000, 0x0000023110fe0000, 0x0000023111310000]
 total_blobs=7660 nmethods=6944 adapters=630
 compilation: enabled
              stopped_count=0, restarted_count=0
 full_count=0

Compilation events (20 events):
Event: 65.081 Thread 0x000002311aa123e0 8465  s    3       org.eclipse.core.internal.registry.RegistryObjectManager::getContributor (39 bytes)
Event: 65.081 Thread 0x000002311aa123e0 nmethod 8465 0x000002310994f310 code [0x000002310994f500, 0x000002310994fb88]
Event: 65.082 Thread 0x000002311aa123e0 8466       3       jdk.internal.loader.BuiltinClassLoader$1::hasNext (93 bytes)
Event: 65.082 Thread 0x000002311aa123e0 nmethod 8466 0x000002310a1d2190 code [0x000002310a1d23a0, 0x000002310a1d2c08]
Event: 65.082 Thread 0x000002311aa123e0 8467       3       jdk.internal.loader.BuiltinClassLoader$1::hasMoreElements (5 bytes)
Event: 65.082 Thread 0x000002311aa123e0 nmethod 8467 0x00000231099fb410 code [0x00000231099fb5a0, 0x00000231099fb6e8]
Event: 65.093 Thread 0x000002311aa123e0 8468   !   3       java.io.File::toPath (54 bytes)
Event: 65.094 Thread 0x000002311aa123e0 nmethod 8468 0x0000023109cfa410 code [0x0000023109cfa600, 0x0000023109cfac48]
Event: 65.094 Thread 0x000002311aa123e0 8469       3       org.eclipse.core.runtime.Path::isUNC (22 bytes)
Event: 65.094 Thread 0x000002311aa123e0 nmethod 8469 0x000002310994c090 code [0x000002310994c240, 0x000002310994c438]
Event: 65.094 Thread 0x000002311aa123e0 8470       1       org.eclipse.core.internal.dtree.DeltaDataTree::setRootNode (6 bytes)
Event: 65.094 Thread 0x000002311aa123e0 nmethod 8470 0x00000231115f1f10 code [0x00000231115f20a0, 0x00000231115f2178]
Event: 65.094 Thread 0x000002311aa123e0 8471       1       org.eclipse.jdt.internal.core.CompilationUnit::getElementType (2 bytes)
Event: 65.094 Thread 0x000002311aa123e0 nmethod 8471 0x00000231116ae110 code [0x00000231116ae2a0, 0x00000231116ae378]
Event: 65.097 Thread 0x000002311aa123e0 8472   !   3       java.util.regex.Pattern::<init> (146 bytes)
Event: 65.098 Thread 0x000002311aa123e0 nmethod 8472 0x0000023109b6e910 code [0x0000023109b6ec00, 0x0000023109b6fb58]
Event: 65.113 Thread 0x000002311aa123e0 8474       3       java.util.Properties$LineReader::readLine (584 bytes)
Event: 65.115 Thread 0x000002311aa123e0 nmethod 8474 0x000002310a397e90 code [0x000002310a398260, 0x000002310a39ad38]
Event: 65.142 Thread 0x000002311aa123e0 8475       1       org.eclipse.lsp4j.ExecuteCommandParams::getCommand (5 bytes)
Event: 65.142 Thread 0x000002311aa123e0 nmethod 8475 0x00000231113c2610 code [0x00000231113c27a0, 0x00000231113c2878]

GC Heap History (20 events):
Event: 61.921 GC heap before
{Heap before GC invocations=31 (full 2):
 PSYoungGen      total 23552K, used 23488K [0x00000000eab00000, 0x00000000ec880000, 0x0000000100000000)
  eden space 22016K, 100% used [0x00000000eab00000,0x00000000ec080000,0x00000000ec080000)
  from space 1536K, 95% used [0x00000000ec700000,0x00000000ec870260,0x00000000ec880000)
  to   space 3072K, 0% used [0x00000000ec280000,0x00000000ec280000,0x00000000ec580000)
 ParOldGen       total 68608K, used 40038K [0x00000000c0000000, 0x00000000c4300000, 0x00000000eab00000)
  object space 68608K, 58% used [0x00000000c0000000,0x00000000c2719ad0,0x00000000c4300000)
 Metaspace       used 57210K, committed 58240K, reserved 1114112K
  class space    used 6214K, committed 6656K, reserved 1048576K
}
Event: 61.923 GC heap after
{Heap after GC invocations=31 (full 2):
 PSYoungGen      total 25088K, used 489K [0x00000000eab00000, 0x00000000ec780000, 0x0000000100000000)
  eden space 22016K, 0% used [0x00000000eab00000,0x00000000eab00000,0x00000000ec080000)
  from space 3072K, 15% used [0x00000000ec280000,0x00000000ec2fa6b0,0x00000000ec580000)
  to   space 1536K, 0% used [0x00000000ec600000,0x00000000ec600000,0x00000000ec780000)
 ParOldGen       total 68608K, used 41444K [0x00000000c0000000, 0x00000000c4300000, 0x00000000eab00000)
  object space 68608K, 60% used [0x00000000c0000000,0x00000000c28792d8,0x00000000c4300000)
 Metaspace       used 57210K, committed 58240K, reserved 1114112K
  class space    used 6214K, committed 6656K, reserved 1048576K
}
Event: 62.229 GC heap before
{Heap before GC invocations=32 (full 2):
 PSYoungGen      total 25088K, used 21556K [0x00000000eab00000, 0x00000000ec780000, 0x0000000100000000)
  eden space 22016K, 95% used [0x00000000eab00000,0x00000000ebf92ad8,0x00000000ec080000)
  from space 3072K, 15% used [0x00000000ec280000,0x00000000ec2fa6b0,0x00000000ec580000)
  to   space 1536K, 0% used [0x00000000ec600000,0x00000000ec600000,0x00000000ec780000)
 ParOldGen       total 68608K, used 41444K [0x00000000c0000000, 0x00000000c4300000, 0x00000000eab00000)
  object space 68608K, 60% used [0x00000000c0000000,0x00000000c28792d8,0x00000000c4300000)
 Metaspace       used 58691K, committed 59776K, reserved 1114112K
  class space    used 6347K, committed 6784K, reserved 1048576K
}
Event: 62.231 GC heap after
{Heap after GC invocations=32 (full 2):
 PSYoungGen      total 22528K, used 384K [0x00000000eab00000, 0x00000000ec680000, 0x0000000100000000)
  eden space 22016K, 0% used [0x00000000eab00000,0x00000000eab00000,0x00000000ec080000)
  from space 512K, 75% used [0x00000000ec600000,0x00000000ec660000,0x00000000ec680000)
  to   space 1024K, 0% used [0x00000000ec480000,0x00000000ec480000,0x00000000ec580000)
 ParOldGen       total 68608K, used 41911K [0x00000000c0000000, 0x00000000c4300000, 0x00000000eab00000)
  object space 68608K, 61% used [0x00000000c0000000,0x00000000c28edea8,0x00000000c4300000)
 Metaspace       used 58691K, committed 59776K, reserved 1114112K
  class space    used 6347K, committed 6784K, reserved 1048576K
}
Event: 62.231 GC heap before
{Heap before GC invocations=33 (full 3):
 PSYoungGen      total 22528K, used 384K [0x00000000eab00000, 0x00000000ec680000, 0x0000000100000000)
  eden space 22016K, 0% used [0x00000000eab00000,0x00000000eab00000,0x00000000ec080000)
  from space 512K, 75% used [0x00000000ec600000,0x00000000ec660000,0x00000000ec680000)
  to   space 1024K, 0% used [0x00000000ec480000,0x00000000ec480000,0x00000000ec580000)
 ParOldGen       total 68608K, used 41911K [0x00000000c0000000, 0x00000000c4300000, 0x00000000eab00000)
  object space 68608K, 61% used [0x00000000c0000000,0x00000000c28edea8,0x00000000c4300000)
 Metaspace       used 58691K, committed 59776K, reserved 1114112K
  class space    used 6347K, committed 6784K, reserved 1048576K
}
Event: 62.321 GC heap after
{Heap after GC invocations=33 (full 3):
 PSYoungGen      total 22528K, used 0K [0x00000000eab00000, 0x00000000ec680000, 0x0000000100000000)
  eden space 22016K, 0% used [0x00000000eab00000,0x00000000eab00000,0x00000000ec080000)
  from space 512K, 0% used [0x00000000ec600000,0x00000000ec600000,0x00000000ec680000)
  to   space 1024K, 0% used [0x00000000ec480000,0x00000000ec480000,0x00000000ec580000)
 ParOldGen       total 68608K, used 32884K [0x00000000c0000000, 0x00000000c4300000, 0x00000000eab00000)
  object space 68608K, 47% used [0x00000000c0000000,0x00000000c201d028,0x00000000c4300000)
 Metaspace       used 58686K, committed 59776K, reserved 1114112K
  class space    used 6346K, committed 6784K, reserved 1048576K
}
Event: 62.434 GC heap before
{Heap before GC invocations=34 (full 3):
 PSYoungGen      total 22528K, used 22016K [0x00000000eab00000, 0x00000000ec680000, 0x0000000100000000)
  eden space 22016K, 100% used [0x00000000eab00000,0x00000000ec080000,0x00000000ec080000)
  from space 512K, 0% used [0x00000000ec600000,0x00000000ec600000,0x00000000ec680000)
  to   space 1024K, 0% used [0x00000000ec480000,0x00000000ec480000,0x00000000ec580000)
 ParOldGen       total 68608K, used 32884K [0x00000000c0000000, 0x00000000c4300000, 0x00000000eab00000)
  object space 68608K, 47% used [0x00000000c0000000,0x00000000c201d028,0x00000000c4300000)
 Metaspace       used 59066K, committed 60160K, reserved 1114112K
  class space    used 6368K, committed 6784K, reserved 1048576K
}
Event: 62.437 GC heap after
{Heap after GC invocations=34 (full 3):
 PSYoungGen      total 23040K, used 1024K [0x00000000eab00000, 0x00000000ec680000, 0x0000000100000000)
  eden space 22016K, 0% used [0x00000000eab00000,0x00000000eab00000,0x00000000ec080000)
  from space 1024K, 100% used [0x00000000ec480000,0x00000000ec580000,0x00000000ec580000)
  to   space 1024K, 0% used [0x00000000ec580000,0x00000000ec580000,0x00000000ec680000)
 ParOldGen       total 68608K, used 32908K [0x00000000c0000000, 0x00000000c4300000, 0x00000000eab00000)
  object space 68608K, 47% used [0x00000000c0000000,0x00000000c2023028,0x00000000c4300000)
 Metaspace       used 59066K, committed 60160K, reserved 1114112K
  class space    used 6368K, committed 6784K, reserved 1048576K
}
Event: 62.493 GC heap before
{Heap before GC invocations=35 (full 3):
 PSYoungGen      total 23040K, used 23040K [0x00000000eab00000, 0x00000000ec680000, 0x0000000100000000)
  eden space 22016K, 100% used [0x00000000eab00000,0x00000000ec080000,0x00000000ec080000)
  from space 1024K, 100% used [0x00000000ec480000,0x00000000ec580000,0x00000000ec580000)
  to   space 1024K, 0% used [0x00000000ec580000,0x00000000ec580000,0x00000000ec680000)
 ParOldGen       total 68608K, used 32908K [0x00000000c0000000, 0x00000000c4300000, 0x00000000eab00000)
  object space 68608K, 47% used [0x00000000c0000000,0x00000000c2023028,0x00000000c4300000)
 Metaspace       used 59100K, committed 60160K, reserved 1114112K
  class space    used 6371K, committed 6784K, reserved 1048576K
}
Event: 62.495 GC heap after
{Heap after GC invocations=35 (full 3):
 PSYoungGen      total 23040K, used 992K [0x00000000eab00000, 0x00000000ec680000, 0x0000000100000000)
  eden space 22016K, 0% used [0x00000000eab00000,0x00000000eab00000,0x00000000ec080000)
  from space 1024K, 96% used [0x00000000ec580000,0x00000000ec678000,0x00000000ec680000)
  to   space 1024K, 0% used [0x00000000ec480000,0x00000000ec480000,0x00000000ec580000)
 ParOldGen       total 68608K, used 33697K [0x00000000c0000000, 0x00000000c4300000, 0x00000000eab00000)
  object space 68608K, 49% used [0x00000000c0000000,0x00000000c20e8700,0x00000000c4300000)
 Metaspace       used 59100K, committed 60160K, reserved 1114112K
  class space    used 6371K, committed 6784K, reserved 1048576K
}
Event: 62.716 GC heap before
{Heap before GC invocations=36 (full 3):
 PSYoungGen      total 23040K, used 23008K [0x00000000eab00000, 0x00000000ec680000, 0x0000000100000000)
  eden space 22016K, 100% used [0x00000000eab00000,0x00000000ec080000,0x00000000ec080000)
  from space 1024K, 96% used [0x00000000ec580000,0x00000000ec678000,0x00000000ec680000)
  to   space 1024K, 0% used [0x00000000ec480000,0x00000000ec480000,0x00000000ec580000)
 ParOldGen       total 68608K, used 33697K [0x00000000c0000000, 0x00000000c4300000, 0x00000000eab00000)
  object space 68608K, 49% used [0x00000000c0000000,0x00000000c20e8700,0x00000000c4300000)
 Metaspace       used 61264K, committed 62336K, reserved 1114112K
  class space    used 6554K, committed 6976K, reserved 1048576K
}
Event: 62.720 GC heap after
{Heap after GC invocations=36 (full 3):
 PSYoungGen      total 23040K, used 1022K [0x00000000eab00000, 0x00000000ec880000, 0x0000000100000000)
  eden space 22016K, 0% used [0x00000000eab00000,0x00000000eab00000,0x00000000ec080000)
  from space 1024K, 99% used [0x00000000ec480000,0x00000000ec57fad0,0x00000000ec580000)
  to   space 3072K, 0% used [0x00000000ec580000,0x00000000ec580000,0x00000000ec880000)
 ParOldGen       total 68608K, used 36127K [0x00000000c0000000, 0x00000000c4300000, 0x00000000eab00000)
  object space 68608K, 52% used [0x00000000c0000000,0x00000000c2347c48,0x00000000c4300000)
 Metaspace       used 61264K, committed 62336K, reserved 1114112K
  class space    used 6554K, committed 6976K, reserved 1048576K
}
Event: 62.848 GC heap before
{Heap before GC invocations=37 (full 3):
 PSYoungGen      total 23040K, used 23038K [0x00000000eab00000, 0x00000000ec880000, 0x0000000100000000)
  eden space 22016K, 100% used [0x00000000eab00000,0x00000000ec080000,0x00000000ec080000)
  from space 1024K, 99% used [0x00000000ec480000,0x00000000ec57fad0,0x00000000ec580000)
  to   space 3072K, 0% used [0x00000000ec580000,0x00000000ec580000,0x00000000ec880000)
 ParOldGen       total 68608K, used 36127K [0x00000000c0000000, 0x00000000c4300000, 0x00000000eab00000)
  object space 68608K, 52% used [0x00000000c0000000,0x00000000c2347c48,0x00000000c4300000)
 Metaspace       used 61352K, committed 62400K, reserved 1114112K
  class space    used 6562K, committed 6976K, reserved 1048576K
}
Event: 62.849 GC heap after
{Heap after GC invocations=37 (full 3):
 PSYoungGen      total 23552K, used 1053K [0x00000000eab00000, 0x00000000ec700000, 0x0000000100000000)
  eden space 22016K, 0% used [0x00000000eab00000,0x00000000eab00000,0x00000000ec080000)
  from space 1536K, 68% used [0x00000000ec580000,0x00000000ec687590,0x00000000ec700000)
  to   space 2048K, 0% used [0x00000000ec300000,0x00000000ec300000,0x00000000ec500000)
 ParOldGen       total 68608K, used 36894K [0x00000000c0000000, 0x00000000c4300000, 0x00000000eab00000)
  object space 68608K, 53% used [0x00000000c0000000,0x00000000c24078b8,0x00000000c4300000)
 Metaspace       used 61352K, committed 62400K, reserved 1114112K
  class space    used 6562K, committed 6976K, reserved 1048576K
}
Event: 63.293 GC heap before
{Heap before GC invocations=38 (full 3):
 PSYoungGen      total 23552K, used 23069K [0x00000000eab00000, 0x00000000ec700000, 0x0000000100000000)
  eden space 22016K, 100% used [0x00000000eab00000,0x00000000ec080000,0x00000000ec080000)
  from space 1536K, 68% used [0x00000000ec580000,0x00000000ec687590,0x00000000ec700000)
  to   space 2048K, 0% used [0x00000000ec300000,0x00000000ec300000,0x00000000ec500000)
 ParOldGen       total 68608K, used 36894K [0x00000000c0000000, 0x00000000c4300000, 0x00000000eab00000)
  object space 68608K, 53% used [0x00000000c0000000,0x00000000c24078b8,0x00000000c4300000)
 Metaspace       used 63377K, committed 64512K, reserved 1114112K
  class space    used 6763K, committed 7232K, reserved 1048576K
}
Event: 63.296 GC heap after
{Heap after GC invocations=38 (full 3):
 PSYoungGen      total 24064K, used 738K [0x00000000eab00000, 0x00000000ec600000, 0x0000000100000000)
  eden space 22016K, 0% used [0x00000000eab00000,0x00000000eab00000,0x00000000ec080000)
  from space 2048K, 36% used [0x00000000ec300000,0x00000000ec3b8880,0x00000000ec500000)
  to   space 1024K, 0% used [0x00000000ec500000,0x00000000ec500000,0x00000000ec600000)
 ParOldGen       total 68608K, used 37128K [0x00000000c0000000, 0x00000000c4300000, 0x00000000eab00000)
  object space 68608K, 54% used [0x00000000c0000000,0x00000000c24423c0,0x00000000c4300000)
 Metaspace       used 63377K, committed 64512K, reserved 1114112K
  class space    used 6763K, committed 7232K, reserved 1048576K
}
Event: 64.057 GC heap before
{Heap before GC invocations=39 (full 3):
 PSYoungGen      total 24064K, used 22731K [0x00000000eab00000, 0x00000000ec600000, 0x0000000100000000)
  eden space 22016K, 99% used [0x00000000eab00000,0x00000000ec07a3b0,0x00000000ec080000)
  from space 2048K, 36% used [0x00000000ec300000,0x00000000ec3b8880,0x00000000ec500000)
  to   space 1024K, 0% used [0x00000000ec500000,0x00000000ec500000,0x00000000ec600000)
 ParOldGen       total 68608K, used 37128K [0x00000000c0000000, 0x00000000c4300000, 0x00000000eab00000)
  object space 68608K, 54% used [0x00000000c0000000,0x00000000c24423c0,0x00000000c4300000)
 Metaspace       used 65004K, committed 66176K, reserved 1114112K
  class space    used 6890K, committed 7360K, reserved 1048576K
}
Event: 64.061 GC heap after
{Heap after GC invocations=39 (full 3):
 PSYoungGen      total 23040K, used 1009K [0x00000000eab00000, 0x00000000ec880000, 0x0000000100000000)
  eden space 22016K, 0% used [0x00000000eab00000,0x00000000eab00000,0x00000000ec080000)
  from space 1024K, 98% used [0x00000000ec500000,0x00000000ec5fc6f0,0x00000000ec600000)
  to   space 4096K, 0% used [0x00000000ec080000,0x00000000ec080000,0x00000000ec480000)
 ParOldGen       total 68608K, used 39601K [0x00000000c0000000, 0x00000000c4300000, 0x00000000eab00000)
  object space 68608K, 57% used [0x00000000c0000000,0x00000000c26ac798,0x00000000c4300000)
 Metaspace       used 65004K, committed 66176K, reserved 1114112K
  class space    used 6890K, committed 7360K, reserved 1048576K
}
Event: 64.295 GC heap before
{Heap before GC invocations=40 (full 3):
 PSYoungGen      total 23040K, used 23025K [0x00000000eab00000, 0x00000000ec880000, 0x0000000100000000)
  eden space 22016K, 100% used [0x00000000eab00000,0x00000000ec080000,0x00000000ec080000)
  from space 1024K, 98% used [0x00000000ec500000,0x00000000ec5fc6f0,0x00000000ec600000)
  to   space 4096K, 0% used [0x00000000ec080000,0x00000000ec080000,0x00000000ec480000)
 ParOldGen       total 68608K, used 39601K [0x00000000c0000000, 0x00000000c4300000, 0x00000000eab00000)
  object space 68608K, 57% used [0x00000000c0000000,0x00000000c26ac798,0x00000000c4300000)
 Metaspace       used 65629K, committed 66752K, reserved 1114112K
  class space    used 6953K, committed 7424K, reserved 1048576K
}
Event: 64.300 GC heap after
{Heap after GC invocations=40 (full 3):
 PSYoungGen      total 25088K, used 2848K [0x00000000eab00000, 0x00000000ec680000, 0x0000000100000000)
  eden space 22016K, 0% used [0x00000000eab00000,0x00000000eab00000,0x00000000ec080000)
  from space 3072K, 92% used [0x00000000ec080000,0x00000000ec348020,0x00000000ec380000)
  to   space 3072K, 0% used [0x00000000ec380000,0x00000000ec380000,0x00000000ec680000)
 ParOldGen       total 68608K, used 40600K [0x00000000c0000000, 0x00000000c4300000, 0x00000000eab00000)
  object space 68608K, 59% used [0x00000000c0000000,0x00000000c27a6040,0x00000000c4300000)
 Metaspace       used 65629K, committed 66752K, reserved 1114112K
  class space    used 6953K, committed 7424K, reserved 1048576K
}

Dll operation events (12 events):
Event: 0.523 Loaded shared library c:\Users\User\.vscode\extensions\redhat.java-1.30.0-win32-x64\jre\17.0.10-win32-x86_64\bin\java.dll
Event: 0.711 Loaded shared library c:\Users\User\.vscode\extensions\redhat.java-1.30.0-win32-x64\jre\17.0.10-win32-x86_64\bin\zip.dll
Event: 0.714 Loaded shared library C:\Users\User\.vscode\extensions\redhat.java-1.30.0-win32-x64\jre\17.0.10-win32-x86_64\bin\instrument.dll
Event: 0.751 Loaded shared library C:\Users\User\.vscode\extensions\redhat.java-1.30.0-win32-x64\jre\17.0.10-win32-x86_64\bin\net.dll
Event: 0.797 Loaded shared library C:\Users\User\.vscode\extensions\redhat.java-1.30.0-win32-x64\jre\17.0.10-win32-x86_64\bin\nio.dll
Event: 0.807 Loaded shared library C:\Users\User\.vscode\extensions\redhat.java-1.30.0-win32-x64\jre\17.0.10-win32-x86_64\bin\zip.dll
Event: 0.831 Loaded shared library C:\Users\User\.vscode\extensions\redhat.java-1.30.0-win32-x64\jre\17.0.10-win32-x86_64\bin\jimage.dll
Event: 1.150 Loaded shared library c:\Users\User\.vscode\extensions\redhat.java-1.30.0-win32-x64\jre\17.0.10-win32-x86_64\bin\verify.dll
Event: 28.511 Loaded shared library C:\Users\User\AppData\Roaming\Code\User\globalStorage\redhat.java\1.30.0\config_win\org.eclipse.equinox.launcher\org.eclipse.equinox.launcher.win32.win32.x86_64_1.2.900.v20240213-1244\eclipse_11900.dll
Event: 51.492 Loaded shared library C:\Users\User\.vscode\extensions\redhat.java-1.30.0-win32-x64\jre\17.0.10-win32-x86_64\bin\management.dll
Event: 51.496 Loaded shared library C:\Users\User\.vscode\extensions\redhat.java-1.30.0-win32-x64\jre\17.0.10-win32-x86_64\bin\management_ext.dll
Event: 52.888 Loaded shared library C:\Users\User\AppData\Local\Temp\jna-2645995\jna15890220540448852985.dll

Deoptimization events (20 events):
Event: 64.958 Thread 0x0000023121add3d0 Uncommon trap: trap_request=0xffffff6e fr.pc=0x0000023111460720 relative=0x0000000000000180
Event: 64.959 Thread 0x0000023121add3d0 Uncommon trap: reason=loop_limit_check action=maybe_recompile pc=0x0000023111460720 method=java.lang.StringLatin1.lastIndexOf([BII)I @ 19 c2
Event: 64.961 Thread 0x0000023121add3d0 DEOPT PACKING pc=0x0000023111460720 sp=0x000000feeeefeb50
Event: 64.961 Thread 0x0000023121add3d0 DEOPT UNPACKING pc=0x0000023110dc66a3 sp=0x000000feeeefea08 mode 2
Event: 64.997 Thread 0x0000023121add3d0 Uncommon trap: trap_request=0xffffff6e fr.pc=0x000002311149c294 relative=0x0000000000000174
Event: 64.997 Thread 0x0000023121add3d0 Uncommon trap: reason=loop_limit_check action=maybe_recompile pc=0x000002311149c294 method=java.lang.StringLatin1.lastIndexOf([BII)I @ 19 c2
Event: 64.997 Thread 0x0000023121add3d0 DEOPT PACKING pc=0x000002311149c294 sp=0x000000feeeefeb90
Event: 64.997 Thread 0x0000023121add3d0 DEOPT UNPACKING pc=0x0000023110dc66a3 sp=0x000000feeeefeab8 mode 2
Event: 65.112 Thread 0x0000023121adc9b0 Uncommon trap: trap_request=0xffffff45 fr.pc=0x00000231116d3090 relative=0x0000000000000f10
Event: 65.112 Thread 0x0000023121adc9b0 Uncommon trap: reason=unstable_if action=reinterpret pc=0x00000231116d3090 method=java.util.Properties$LineReader.readLine()I @ 502 c2
Event: 65.112 Thread 0x0000023121adc9b0 DEOPT PACKING pc=0x00000231116d3090 sp=0x000000feeedfdd10
Event: 65.112 Thread 0x0000023121adc9b0 DEOPT UNPACKING pc=0x0000023110dc66a3 sp=0x000000feeedfdca8 mode 2
Event: 65.121 Thread 0x0000023121adc9b0 DEOPT PACKING pc=0x000002310a39ab1e sp=0x000000feeedfdcb0
Event: 65.121 Thread 0x0000023121adc9b0 DEOPT UNPACKING pc=0x0000023110dc6e43 sp=0x000000feeedfd1a0 mode 0
Event: 65.122 Thread 0x0000023121adc9b0 DEOPT PACKING pc=0x000002310a39ab1e sp=0x000000feeedfdcb0
Event: 65.122 Thread 0x0000023121adc9b0 DEOPT UNPACKING pc=0x0000023110dc6e43 sp=0x000000feeedfd1a0 mode 0
Event: 65.123 Thread 0x0000023121adc9b0 DEOPT PACKING pc=0x000002310a39ab1e sp=0x000000feeedfdcb0
Event: 65.123 Thread 0x0000023121adc9b0 DEOPT UNPACKING pc=0x0000023110dc6e43 sp=0x000000feeedfd1a0 mode 0
Event: 65.128 Thread 0x0000023121adc9b0 DEOPT PACKING pc=0x000002310a39ab1e sp=0x000000feeedfdcb0
Event: 65.128 Thread 0x0000023121adc9b0 DEOPT UNPACKING pc=0x0000023110dc6e43 sp=0x000000feeedfd1a0 mode 0

Classes unloaded (10 events):
Event: 52.799 Thread 0x000002311a9cc9a0 Unloading class 0x000000010023c000 'java/lang/invoke/LambdaForm$MH+0x000000010023c000'
Event: 52.799 Thread 0x000002311a9cc9a0 Unloading class 0x000000010023bc00 'java/lang/invoke/LambdaForm$MH+0x000000010023bc00'
Event: 52.799 Thread 0x000002311a9cc9a0 Unloading class 0x000000010023b800 'java/lang/invoke/LambdaForm$MH+0x000000010023b800'
Event: 52.799 Thread 0x000002311a9cc9a0 Unloading class 0x000000010023b400 'java/lang/invoke/LambdaForm$MH+0x000000010023b400'
Event: 52.799 Thread 0x000002311a9cc9a0 Unloading class 0x000000010023b000 'java/lang/invoke/LambdaForm$BMH+0x000000010023b000'
Event: 52.799 Thread 0x000002311a9cc9a0 Unloading class 0x000000010023ac00 'java/lang/invoke/LambdaForm$DMH+0x000000010023ac00'
Event: 52.799 Thread 0x000002311a9cc9a0 Unloading class 0x0000000100238400 'java/lang/invoke/LambdaForm$DMH+0x0000000100238400'
Event: 62.248 Thread 0x000002311a9cc9a0 Unloading class 0x0000000100404000 'java/lang/invoke/LambdaForm$MH+0x0000000100404000'
Event: 62.248 Thread 0x000002311a9cc9a0 Unloading class 0x0000000100402c00 'java/lang/invoke/LambdaForm$MH+0x0000000100402c00'
Event: 62.248 Thread 0x000002311a9cc9a0 Unloading class 0x00000001003b9c00 'java/lang/invoke/LambdaForm$MH+0x00000001003b9c00'

Classes redefined (0 events):
No events

Internal exceptions (20 events):
Event: 62.619 Thread 0x0000023121adbf90 Exception <a 'java/lang/NoSuchMethodError'{0x00000000eb7e7e88}: 'int java.lang.invoke.DirectMethodHandle$Holder.invokeSpecialIFC(java.lang.Object, java.lang.Object, java.lang.Object)'> (0x00000000eb7e7e88) 
thrown [s\src\hotspot\share\interpreter\linkResolver.cpp, line 759]
Event: 63.028 Thread 0x0000023121ae1ab0 Exception <a 'java/lang/NoSuchMethodError'{0x00000000ebb53710}: 'java.lang.Object java.lang.invoke.DirectMethodHandle$Holder.invokeSpecial(java.lang.Object, java.lang.Object, int, long)'> (0x00000000ebb53710) 
thrown [s\src\hotspot\share\interpreter\linkResolver.cpp, line 759]
Event: 63.146 Thread 0x0000023121adbf90 Exception <a 'java/io/FileNotFoundException'{0x00000000ebb98c68}> (0x00000000ebb98c68) 
thrown [s\src\hotspot\share\prims\jni.cpp, line 516]
Event: 63.146 Thread 0x0000023121adbf90 Exception <a 'java/io/FileNotFoundException'{0x00000000ebb99ef0}> (0x00000000ebb99ef0) 
thrown [s\src\hotspot\share\prims\jni.cpp, line 516]
Event: 63.410 Thread 0x0000023121adbf90 Exception <a 'java/lang/NoSuchMethodError'{0x00000000eae612f8}: 'int java.lang.invoke.DirectMethodHandle$Holder.invokeStatic(java.lang.Object, int, java.lang.Object)'> (0x00000000eae612f8) 
thrown [s\src\hotspot\share\interpreter\linkResolver.cpp, line 759]
Event: 63.633 Thread 0x0000023121adbf90 Exception <a 'sun/nio/fs/WindowsException'{0x00000000eb5789e8}> (0x00000000eb5789e8) 
thrown [s\src\hotspot\share\prims\jni.cpp, line 516]
Event: 63.799 Thread 0x0000023121adbf90 Exception <a 'sun/nio/fs/WindowsException'{0x00000000eb588a98}> (0x00000000eb588a98) 
thrown [s\src\hotspot\share\prims\jni.cpp, line 516]
Event: 63.862 Thread 0x0000023121ae1ab0 Exception <a 'java/io/FileNotFoundException'{0x00000000ebaf2488}> (0x00000000ebaf2488) 
thrown [s\src\hotspot\share\prims\jni.cpp, line 516]
Event: 63.862 Thread 0x0000023121ae1ab0 Exception <a 'java/io/FileNotFoundException'{0x00000000ebaf3488}> (0x00000000ebaf3488) 
thrown [s\src\hotspot\share\prims\jni.cpp, line 516]
Event: 63.862 Thread 0x0000023121ae1ab0 Exception <a 'java/io/FileNotFoundException'{0x00000000ebaf41e0}> (0x00000000ebaf41e0) 
thrown [s\src\hotspot\share\prims\jni.cpp, line 516]
Event: 64.042 Thread 0x0000023121adbf90 Exception <a 'java/lang/NoSuchMethodError'{0x00000000eb591e08}: 'java.lang.Object java.lang.invoke.DirectMethodHandle$Holder.invokeStatic(java.lang.Object, java.lang.Object, int, java.lang.Object)'> (0x00000000eb591e08) 
thrown [s\src\hotspot\share\interpreter\linkResolver.cpp, line 759]
Event: 64.046 Thread 0x0000023121adbf90 Exception <a 'java/lang/NoSuchMethodError'{0x00000000eb5997e8}: 'java.lang.Object java.lang.invoke.DirectMethodHandle$Holder.newInvokeSpecial(java.lang.Object, java.lang.Object, int)'> (0x00000000eb5997e8) 
thrown [s\src\hotspot\share\interpreter\linkResolver.cpp, line 759]
Event: 64.055 Thread 0x000002311ff62650 Exception <a 'java/lang/NoSuchMethodError'{0x00000000ec03e110}: 'int java.lang.invoke.DirectMethodHandle$Holder.invokeStatic(java.lang.Object)'> (0x00000000ec03e110) 
thrown [s\src\hotspot\share\interpreter\linkResolver.cpp, line 759]
Event: 64.292 Thread 0x000002311ff62650 Exception <a 'java/lang/NoSuchMethodError'{0x00000000ec06fa60}: 'java.lang.Object java.lang.invoke.DirectMethodHandle$Holder.invokeVirtual(java.lang.Object, java.lang.Object, java.lang.Object)'> (0x00000000ec06fa60) 
thrown [s\src\hotspot\share\interpreter\linkResolver.cpp, line 759]
Event: 64.696 Thread 0x000002311ff62650 Exception <a 'java/lang/NoSuchMethodError'{0x00000000eb0b55d0}: 'java.lang.Object java.lang.invoke.DirectMethodHandle$Holder.newInvokeSpecial(java.lang.Object, java.lang.Object, java.lang.Object, int)'> (0x00000000eb0b55d0) 
thrown [s\src\hotspot\share\interpreter\linkResolver.cpp, line 759]
Event: 64.697 Thread 0x000002311ff62650 Exception <a 'java/lang/NoSuchMethodError'{0x00000000eb0b96d8}: 'java.lang.Object java.lang.invoke.DirectMethodHandle$Holder.invokeSpecial(java.lang.Object, java.lang.Object, java.lang.Object, java.lang.Object, int)'> (0x00000000eb0b96d8) 
thrown [s\src\hotspot\share\interpreter\linkResolver.cpp, line 759]
Event: 64.698 Thread 0x000002311ff62650 Exception <a 'java/lang/NoSuchMethodError'{0x00000000eb0bcde0}: 'java.lang.Object java.lang.invoke.Invokers$Holder.linkToTargetMethod(java.lang.Object, java.lang.Object, int, java.lang.Object)'> (0x00000000eb0bcde0) 
thrown [s\src\hotspot\share\interpreter\linkResolver.cpp, line 759]
Event: 64.913 Thread 0x0000023121add3d0 Exception <a 'java/lang/NoSuchMethodError'{0x00000000eb492c68}: 'java.lang.Object java.lang.invoke.DirectMethodHandle$Holder.newInvokeSpecial(java.lang.Object, java.lang.Object, java.lang.Object, java.lang.Object, java.lang.Object, java.lang.Object)'> (0x00000000eb492c68) 
thrown [s\src\hotspot\share\interpreter\linkResolver.cpp, line 759]
Event: 64.948 Thread 0x000002311ff62b60 Exception <a 'java/io/FileNotFoundException'{0x00000000eb5e1370}> (0x00000000eb5e1370) 
thrown [s\src\hotspot\share\prims\jni.cpp, line 516]
Event: 64.948 Thread 0x000002311ff62b60 Exception <a 'java/io/FileNotFoundException'{0x00000000eb5e20d8}> (0x00000000eb5e20d8) 
thrown [s\src\hotspot\share\prims\jni.cpp, line 516]

VM Operations (20 events):
Event: 63.024 Executing VM operation: HandshakeAllThreads
Event: 63.024 Executing VM operation: HandshakeAllThreads done
Event: 63.293 Executing VM operation: ParallelGCFailedAllocation
Event: 63.297 Executing VM operation: ParallelGCFailedAllocation done
Event: 63.959 Executing VM operation: HandshakeAllThreads
Event: 63.959 Executing VM operation: HandshakeAllThreads done
Event: 64.057 Executing VM operation: HandshakeAllThreads
Event: 64.057 Executing VM operation: HandshakeAllThreads done
Event: 64.057 Executing VM operation: ParallelGCFailedAllocation
Event: 64.064 Executing VM operation: ParallelGCFailedAllocation done
Event: 64.073 Executing VM operation: HandshakeAllThreads
Event: 64.087 Executing VM operation: HandshakeAllThreads done
Event: 64.293 Executing VM operation: ParallelGCFailedAllocation
Event: 64.313 Executing VM operation: ParallelGCFailedAllocation done
Event: 64.598 Executing VM operation: HandshakeAllThreads
Event: 64.623 Executing VM operation: HandshakeAllThreads done
Event: 64.644 Executing VM operation: HandshakeAllThreads
Event: 64.644 Executing VM operation: HandshakeAllThreads done
Event: 64.692 Executing VM operation: HandshakeAllThreads
Event: 64.733 Executing VM operation: HandshakeAllThreads done

Events (20 events):
Event: 64.754 Thread 0x000002311aa16040 flushing nmethod 0x000002310a730690
Event: 64.754 Thread 0x000002311aa16040 flushing nmethod 0x000002310a730d90
Event: 64.754 Thread 0x000002311aa16040 flushing nmethod 0x000002310a73ab10
Event: 64.754 Thread 0x000002311aa16040 flushing nmethod 0x000002310a73e010
Event: 64.755 Thread 0x000002311aa16040 flushing nmethod 0x000002310a749390
Event: 64.755 Thread 0x000002311aa16040 flushing nmethod 0x000002310a77c210
Event: 64.755 Thread 0x000002311aa16040 flushing nmethod 0x000002310a7aec10
Event: 64.755 Thread 0x000002311aa16040 flushing nmethod 0x000002310a7beb10
Event: 64.755 Thread 0x000002311aa16040 flushing nmethod 0x000002310a7e5f10
Event: 64.755 Thread 0x000002311aa16040 flushing nmethod 0x000002310a83a210
Event: 64.755 Thread 0x000002311aa16040 flushing nmethod 0x000002310a83a710
Event: 64.794 loading class java/nio/file/Files$2
Event: 64.794 loading class java/nio/file/Files$2 done
Event: 64.807 Thread 0x0000023121ade300 Thread added: 0x0000023121ade300
Event: 64.829 loading class jdk/internal/event/SecurityPropertyModificationEvent
Event: 64.830 loading class jdk/internal/event/SecurityPropertyModificationEvent done
Event: 64.847 Thread 0x0000023121adf230 Thread added: 0x0000023121adf230
Event: 64.880 Thread 0x0000023121ade300 Thread exited: 0x0000023121ade300
Event: 64.909 loading class java/util/regex/Pattern$1
Event: 64.909 loading class java/util/regex/Pattern$1 done


Dynamic libraries:
0x00007ff6c3ac0000 - 0x00007ff6c3ace000 	c:\Users\User\.vscode\extensions\redhat.java-1.30.0-win32-x64\jre\17.0.10-win32-x86_64\bin\java.exe
0x00007ffe0d5b0000 - 0x00007ffe0d7a8000 	C:\Windows\SYSTEM32\ntdll.dll
0x00007ffe0cca0000 - 0x00007ffe0cd5f000 	C:\Windows\System32\KERNEL32.DLL
0x00007ffe0b310000 - 0x00007ffe0b606000 	C:\Windows\System32\KERNELBASE.dll
0x00007ffe0b020000 - 0x00007ffe0b120000 	C:\Windows\System32\ucrtbase.dll
0x00007ffdf3770000 - 0x00007ffdf3787000 	c:\Users\User\.vscode\extensions\redhat.java-1.30.0-win32-x64\jre\17.0.10-win32-x86_64\bin\jli.dll
0x00007ffdf3790000 - 0x00007ffdf37ab000 	c:\Users\User\.vscode\extensions\redhat.java-1.30.0-win32-x64\jre\17.0.10-win32-x86_64\bin\VCRUNTIME140.dll
0x00007ffe0b640000 - 0x00007ffe0b7dd000 	C:\Windows\System32\USER32.dll
0x00007ffe0b2e0000 - 0x00007ffe0b302000 	C:\Windows\System32\win32u.dll
0x00007ffe098c0000 - 0x00007ffe09b5a000 	C:\Windows\WinSxS\amd64_microsoft.windows.common-controls_6595b64144ccf1df_6.0.19041.1110_none_60b5254171f9507e\COMCTL32.dll
0x00007ffe0b610000 - 0x00007ffe0b63c000 	C:\Windows\System32\GDI32.dll
0x00007ffe0d370000 - 0x00007ffe0d40e000 	C:\Windows\System32\msvcrt.dll
0x00007ffe0adf0000 - 0x00007ffe0af05000 	C:\Windows\System32\gdi32full.dll
0x00007ffe0b240000 - 0x00007ffe0b2dd000 	C:\Windows\System32\msvcp_win.dll
0x00007ffe0d410000 - 0x00007ffe0d440000 	C:\Windows\System32\IMM32.DLL
0x00007ffdf3710000 - 0x00007ffdf371c000 	c:\Users\User\.vscode\extensions\redhat.java-1.30.0-win32-x64\jre\17.0.10-win32-x86_64\bin\vcruntime140_1.dll
0x00007ffdd3250000 - 0x00007ffdd32dd000 	c:\Users\User\.vscode\extensions\redhat.java-1.30.0-win32-x64\jre\17.0.10-win32-x86_64\bin\msvcp140.dll
0x00007ffdad820000 - 0x00007ffdae482000 	c:\Users\User\.vscode\extensions\redhat.java-1.30.0-win32-x64\jre\17.0.10-win32-x86_64\bin\server\jvm.dll
0x00007ffe0cb40000 - 0x00007ffe0cbef000 	C:\Windows\System32\ADVAPI32.dll
0x00007ffe0c270000 - 0x00007ffe0c30c000 	C:\Windows\System32\sechost.dll
0x00007ffe0d1e0000 - 0x00007ffe0d306000 	C:\Windows\System32\RPCRT4.dll
0x00007ffe0a9f0000 - 0x00007ffe0aa3b000 	C:\Windows\SYSTEM32\POWRPROF.dll
0x00007ffdf77e0000 - 0x00007ffdf77e9000 	C:\Windows\SYSTEM32\WSOCK32.dll
0x00007ffe0cad0000 - 0x00007ffe0cb3b000 	C:\Windows\System32\WS2_32.dll
0x00007ffdf2d20000 - 0x00007ffdf2d47000 	C:\Windows\SYSTEM32\WINMM.dll
0x00007ffdfd040000 - 0x00007ffdfd04a000 	C:\Windows\SYSTEM32\VERSION.dll
0x00007ffe0a9d0000 - 0x00007ffe0a9e2000 	C:\Windows\SYSTEM32\UMPDC.dll
0x00007ffe08570000 - 0x00007ffe08582000 	C:\Windows\SYSTEM32\kernel.appcore.dll
0x00007ffdf3760000 - 0x00007ffdf376a000 	c:\Users\User\.vscode\extensions\redhat.java-1.30.0-win32-x64\jre\17.0.10-win32-x86_64\bin\jimage.dll
0x00007ffe0a630000 - 0x00007ffe0a814000 	C:\Windows\SYSTEM32\DBGHELP.DLL
0x00007ffe0a220000 - 0x00007ffe0a254000 	C:\Windows\SYSTEM32\dbgcore.DLL
0x00007ffe0af90000 - 0x00007ffe0b012000 	C:\Windows\System32\bcryptPrimitives.dll
0x00007ffdff7b0000 - 0x00007ffdff7be000 	c:\Users\User\.vscode\extensions\redhat.java-1.30.0-win32-x64\jre\17.0.10-win32-x86_64\bin\instrument.dll
0x00007ffdf0320000 - 0x00007ffdf0345000 	c:\Users\User\.vscode\extensions\redhat.java-1.30.0-win32-x64\jre\17.0.10-win32-x86_64\bin\java.dll
0x00007ffdf24d0000 - 0x00007ffdf24e8000 	c:\Users\User\.vscode\extensions\redhat.java-1.30.0-win32-x64\jre\17.0.10-win32-x86_64\bin\zip.dll
0x00007ffe0c380000 - 0x00007ffe0cac4000 	C:\Windows\System32\SHELL32.dll
0x00007ffe086e0000 - 0x00007ffe08e73000 	C:\Windows\SYSTEM32\windows.storage.dll
0x00007ffe0cdf0000 - 0x00007ffe0d144000 	C:\Windows\System32\combase.dll
0x00007ffe0a260000 - 0x00007ffe0a28e000 	C:\Windows\SYSTEM32\Wldp.dll
0x00007ffe0cbf0000 - 0x00007ffe0cc9d000 	C:\Windows\System32\SHCORE.dll
0x00007ffe0d310000 - 0x00007ffe0d365000 	C:\Windows\System32\shlwapi.dll
0x00007ffe0abd0000 - 0x00007ffe0abef000 	C:\Windows\SYSTEM32\profapi.dll
0x00007ffdf14e0000 - 0x00007ffdf14f9000 	C:\Users\User\.vscode\extensions\redhat.java-1.30.0-win32-x64\jre\17.0.10-win32-x86_64\bin\net.dll
0x00007ffdfc010000 - 0x00007ffdfc11a000 	C:\Windows\SYSTEM32\WINHTTP.dll
0x00007ffe09fa0000 - 0x00007ffe0a00a000 	C:\Windows\system32\mswsock.dll
0x00007ffde7460000 - 0x00007ffde7476000 	C:\Users\User\.vscode\extensions\redhat.java-1.30.0-win32-x64\jre\17.0.10-win32-x86_64\bin\nio.dll
0x00007ffdf4fc0000 - 0x00007ffdf4fd0000 	c:\Users\User\.vscode\extensions\redhat.java-1.30.0-win32-x64\jre\17.0.10-win32-x86_64\bin\verify.dll
0x00007ffde3600000 - 0x00007ffde363e000 	C:\Users\User\AppData\Roaming\Code\User\globalStorage\redhat.java\1.30.0\config_win\org.eclipse.equinox.launcher\org.eclipse.equinox.launcher.win32.win32.x86_64_1.2.900.v20240213-1244\eclipse_11900.dll
0x00007ffe0d440000 - 0x00007ffe0d56a000 	C:\Windows\System32\ole32.dll
0x00007ffdf1d70000 - 0x00007ffdf1d79000 	C:\Users\User\.vscode\extensions\redhat.java-1.30.0-win32-x64\jre\17.0.10-win32-x86_64\bin\management.dll
0x00007ffdf0ef0000 - 0x00007ffdf0efb000 	C:\Users\User\.vscode\extensions\redhat.java-1.30.0-win32-x64\jre\17.0.10-win32-x86_64\bin\management_ext.dll
0x00007ffe0c370000 - 0x00007ffe0c378000 	C:\Windows\System32\PSAPI.DLL
0x00007ffe0a940000 - 0x00007ffe0a958000 	C:\Windows\SYSTEM32\CRYPTSP.dll
0x00007ffe09640000 - 0x00007ffe09674000 	C:\Windows\system32\rsaenh.dll
0x00007ffe0af10000 - 0x00007ffe0af37000 	C:\Windows\System32\bcrypt.dll
0x00007ffe0ab50000 - 0x00007ffe0ab7e000 	C:\Windows\SYSTEM32\USERENV.dll
0x00007ffe0a190000 - 0x00007ffe0a19c000 	C:\Windows\SYSTEM32\CRYPTBASE.dll
0x00007ffe09c90000 - 0x00007ffe09ccc000 	C:\Windows\SYSTEM32\IPHLPAPI.DLL
0x00007ffe0bf50000 - 0x00007ffe0bf58000 	C:\Windows\System32\NSI.dll
0x00007ffdfd720000 - 0x00007ffdfd737000 	C:\Windows\SYSTEM32\dhcpcsvc6.DLL
0x00007ffdfd170000 - 0x00007ffdfd18d000 	C:\Windows\SYSTEM32\dhcpcsvc.DLL
0x00007ffe09d20000 - 0x00007ffe09deb000 	C:\Windows\SYSTEM32\DNSAPI.dll
0x00007ffdd3160000 - 0x00007ffdd31a5000 	C:\Users\User\AppData\Local\Temp\jna-2645995\jna15890220540448852985.dll

dbghelp: loaded successfully - version: 4.0.5 - missing functions: none
symbol engine: initialized successfully - sym options: 0x614 - pdb path: .;c:\Users\User\.vscode\extensions\redhat.java-1.30.0-win32-x64\jre\17.0.10-win32-x86_64\bin;C:\Windows\SYSTEM32;C:\Windows\WinSxS\amd64_microsoft.windows.common-controls_6595b64144ccf1df_6.0.19041.1110_none_60b5254171f9507e;c:\Users\User\.vscode\extensions\redhat.java-1.30.0-win32-x64\jre\17.0.10-win32-x86_64\bin\server;C:\Users\User\AppData\Roaming\Code\User\globalStorage\redhat.java\1.30.0\config_win\org.eclipse.equinox.launcher\org.eclipse.equinox.launcher.win32.win32.x86_64_1.2.900.v20240213-1244;C:\Users\User\AppData\Local\Temp\jna-2645995

VM Arguments:
jvm_args: --add-modules=ALL-SYSTEM --add-opens=java.base/java.util=ALL-UNNAMED --add-opens=java.base/java.lang=ALL-UNNAMED --add-opens=java.base/sun.nio.fs=ALL-UNNAMED -Declipse.application=org.eclipse.jdt.ls.core.id1 -Dosgi.bundles.defaultStartLevel=4 -Declipse.product=org.eclipse.jdt.ls.core.product -Djava.import.generatesMetadataFilesAtProjectRoot=false -DDetectVMInstallationsJob.disabled=true -Dfile.encoding=utf8 -XX:+UseParallelGC -XX:GCTimeRatio=4 -XX:AdaptiveSizePolicyWeight=90 -Dsun.zip.disableMemoryMapping=true -Xmx1G -Xms100m -Xlog:disable -javaagent:c:\Users\User\.vscode\extensions\redhat.java-1.30.0-win32-x64\lombok\lombok-1.18.32.jar -XX:+HeapDumpOnOutOfMemoryError -XX:HeapDumpPath=c:\Users\User\AppData\Roaming\Code\User\workspaceStorage\51c392e3a1c011e044331b8d1d03c671\redhat.java -Daether.dependencyCollector.impl=bf 
java_command: c:\Users\User\.vscode\extensions\redhat.java-1.30.0-win32-x64\server\plugins\org.eclipse.equinox.launcher_1.6.800.v20240330-1250.jar -configuration c:\Users\User\AppData\Roaming\Code\User\globalStorage\redhat.java\1.30.0\config_win -data c:\Users\User\AppData\Roaming\Code\User\workspaceStorage\51c392e3a1c011e044331b8d1d03c671\redhat.java\jdt_ws --pipe=\\.\pipe\lsp-e301e791012cfb83e5cdff56b65058f2-sock
java_class_path (initial): c:\Users\User\.vscode\extensions\redhat.java-1.30.0-win32-x64\server\plugins\org.eclipse.equinox.launcher_1.6.800.v20240330-1250.jar
Launcher Type: SUN_STANDARD

[Global flags]
    uintx AdaptiveSizePolicyWeight                 = 90                                        {product} {command line}
     intx CICompilerCount                          = 3                                         {product} {ergonomic}
    uintx GCTimeRatio                              = 4                                         {product} {command line}
     bool HeapDumpOnOutOfMemoryError               = true                                   {manageable} {command line}
    ccstr HeapDumpPath                             = c:\Users\User\AppData\Roaming\Code\User\workspaceStorage\51c392e3a1c011e044331b8d1d03c671\redhat.java         {manageable} {command line}
   size_t InitialHeapSize                          = 104857600                                 {product} {command line}
   size_t MaxHeapSize                              = 1073741824                                {product} {command line}
   size_t MaxNewSize                               = 357564416                                 {product} {ergonomic}
   size_t MinHeapDeltaBytes                        = 524288                                    {product} {ergonomic}
   size_t MinHeapSize                              = 104857600                                 {product} {command line}
   size_t NewSize                                  = 34603008                                  {product} {ergonomic}
    uintx NonNMethodCodeHeapSize                   = 5832780                                {pd product} {ergonomic}
    uintx NonProfiledCodeHeapSize                  = 122912730                              {pd product} {ergonomic}
   size_t OldSize                                  = 70254592                                  {product} {ergonomic}
    uintx ProfiledCodeHeapSize                     = 122912730                              {pd product} {ergonomic}
    uintx ReservedCodeCacheSize                    = 251658240                              {pd product} {ergonomic}
     bool SegmentedCodeCache                       = true                                      {product} {ergonomic}
   size_t SoftMaxHeapSize                          = 1073741824                             {manageable} {ergonomic}
     bool UseCompressedClassPointers               = true                           {product lp64_product} {ergonomic}
     bool UseCompressedOops                        = true                           {product lp64_product} {ergonomic}
     bool UseLargePagesIndividualAllocation        = false                                  {pd product} {ergonomic}
     bool UseParallelGC                            = true                                      {product} {command line}

Logging:
Log output configuration:
 #0: stdout all=off uptime,level,tags
 #1: stderr all=off uptime,level,tags

Environment Variables:
PATH=C:\Program Files (x86)\Intel\iCLS Client\;C:\Program Files\Intel\iCLS Client\;C:\Program Files\Common Files\Oracle\Java\javapath;C:\Windows\system32;C:\Windows;C:\Windows\System32\Wbem;C:\Windows\System32\WindowsPowerShell\v1.0\;C:\Windows\System32\OpenSSH\;C:\Program Files (x86)\Intel\Intel(R) Management Engine Components\DAL;C:\Program Files\Intel\Intel(R) Management Engine Components\DAL;C:\Program Files (x86)\Intel\Intel(R) Management Engine Components\IPT;C:\Program Files\Intel\Intel(R) Management Engine Components\IPT;C:\ProgramData\chocolatey\bin;C:\Program Files\dotnet\;C:\xampp\php;C:\ProgramData\ComposerSetup\bin;C:\Program Files\Git\cmd;C:\Users\User\AppData\Roaming\nvm;C:\Program Files\nodejs;C:\Program Files\MySQL\MySQL Shell 8.0\bin\;C:\Users\User\.pyenv\pyenv-win\bin;C:\Users\User\.pyenv\pyenv-win\shims;C:\Users\User\AppData\Local\Programs\Python\Python312\Scripts\;C:\Users\User\AppData\Local\Programs\Python\Python312\;C:\Ruby32-x64\bin;C:\Users\User\Downloads\Compressed\flutter_windows_3.19.1-stable\flutter\bin;C:\Users\User\AppData\Local\Microsoft\WindowsApps;C:\Users\User\AppData\Local\Programs\Microsoft VS Code\bin;C:\Users\User\AppData\Roaming\Composer\vendor\bin;C:\Users\User\Downloads\Programs\dartsdk-windows-x64-release\dart-sdk\bin;C:\Users\User\AppData\Roaming\npm;C:\Users\User\AppData\Roaming\nvm;C:\Program Files\nodejs;C:\Program Files\JetBrains\PyCharm Community Edition 2024.1\bin;;C:\Program Files\MySQL\MySQL Server 8.0\bin;
USERNAME=User
OS=Windows_NT
PROCESSOR_IDENTIFIER=Intel64 Family 6 Model 142 Stepping 9, GenuineIntel
TMP=C:\Users\User\AppData\Local\Temp
TEMP=C:\Users\User\AppData\Local\Temp



Periodic native trim disabled


---------------  S Y S T E M  ---------------

OS:
 Windows 10 , 64 bit Build 19041 (10.0.19041.2913)
OS uptime: 0 days 21:23 hours
Hyper-V role detected

CPU: total 4 (initial active 4) (2 cores per cpu, 2 threads per core) family 6 model 142 stepping 9 microcode 0xd6, cx8, cmov, fxsr, ht, mmx, 3dnowpref, sse, sse2, sse3, ssse3, sse4.1, sse4.2, popcnt, lzcnt, tsc, tscinvbit, avx, avx2, aes, erms, clmul, bmi1, bmi2, adx, fma, vzeroupper, clflush, clflushopt, hv
Processor Information for all 4 processors :
  Max Mhz: 2904, Current Mhz: 2703, Mhz Limit: 2700

Memory: 4k page, system-wide physical 8076M (713M free)
TotalPageFile size 10124M (AvailPageFile size 9M)
current process WorkingSet (physical memory assigned to process): 262M, peak: 262M
current process commit charge ("private bytes"): 313M, peak: 322M

vm_info: OpenJDK 64-Bit Server VM (17.0.10+7) for windows-amd64 JRE (17.0.10+7), built on Jan 16 2024 23:25:11 by "admin" with MS VC++ 16.10 / 16.11 (VS2019)

END.
